<?xml version="1.0" encoding="UTF-8"?>
<testsuite name="Matrix" tests="4" skipped="0" failures="0" errors="0" timestamp="2024-01-07T12:55:42" hostname="LAPTOP-DGBIQEHB" time="0.358">
  <properties/>
  <testcase name="Determinant" classname="Matrix" time="0.343"/>
  <testcase name="Transpose" classname="Matrix" time="0.006"/>
  <testcase name="Inverse" classname="Matrix" time="0.004"/>
  <testcase name="Cofactor" classname="Matrix" time="0.005"/>
  <system-out><![CDATA[]]></system-out>
  <system-err><![CDATA[]]></system-err>
</testsuite>
